# JRE version: OpenJDK Runtime Environment (11.0.5+10) (build 11.0.5+10-b520.38)
# Java VM: OpenJDK 64-Bit Server VM (11.0.5+10-b520.38, mixed mode, sharing, tiered, compressed oops, g1 gc, windows-amd64)
Heap:
 garbage-first heap   total 233472K, used 17543K [0x0000000742600000, 0x0000000800000000)
  region size 1024K, 10 young (10240K), 10 survivors (10240K)
 Metaspace       used 27245K, capacity 28503K, committed 28592K, reserved 1073152K
  class space    used 3807K, capacity 4345K, committed 4352K, reserved 1048576K
GC Heap History (9 events):
Event: 0.980 GC heap before
{Heap before GC invocations=0 (full 0):
 garbage-first heap   total 194560K, used 24576K [0x0000000742600000, 0x0000000800000000)
  region size 1024K, 24 young (24576K), 0 survivors (0K)
 Metaspace       used 6156K, capacity 6508K, committed 6656K, reserved 1056768K
  class space    used 769K, capacity 905K, committed 1024K, reserved 1048576K
}
Event: 0.995 GC heap after
{Heap after GC invocations=1 (full 0):
 garbage-first heap   total 194560K, used 8216K [0x0000000742600000, 0x0000000800000000)
  region size 1024K, 3 young (3072K), 3 survivors (3072K)
 Metaspace       used 6156K, capacity 6508K, committed 6656K, reserved 1056768K
  class space    used 769K, capacity 905K, committed 1024K, reserved 1048576K
}
Event: 1.249 GC heap before
{Heap before GC invocations=1 (full 0):
 garbage-first heap   total 194560K, used 67608K [0x0000000742600000, 0x0000000800000000)
  region size 1024K, 62 young (63488K), 3 survivors (3072K)
 Metaspace       used 7854K, capacity 8239K, committed 8448K, reserved 1056768K
  class space    used 1018K, capacity 1189K, committed 1280K, reserved 1048576K
}
Event: 1.261 GC heap after
{Heap after GC invocations=2 (full 0):
 garbage-first heap   total 194560K, used 9209K [0x0000000742600000, 0x0000000800000000)
  region size 1024K, 4 young (4096K), 4 survivors (4096K)
 Metaspace       used 7854K, capacity 8239K, committed 8448K, reserved 1056768K
  class space    used 1018K, capacity 1189K, committed 1280K, reserved 1048576K
}
Event: 2.144 GC heap before
{Heap before GC invocations=2 (full 0):
 garbage-first heap   total 194560K, used 79865K [0x0000000742600000, 0x0000000800000000)
  region size 1024K, 74 young (75776K), 4 survivors (4096K)
 Metaspace       used 18020K, capacity 18878K, committed 19072K, reserved 1064960K
  class space    used 2499K, capacity 2860K, committed 2944K, reserved 1048576K
}
Event: 2.153 GC heap after
{Heap after GC invocations=3 (full 0):
 garbage-first heap   total 194560K, used 11838K [0x0000000742600000, 0x0000000800000000)
  region size 1024K, 7 young (7168K), 7 survivors (7168K)
 Metaspace       used 18020K, capacity 18878K, committed 19072K, reserved 1064960K
  class space    used 2499K, capacity 2860K, committed 2944K, reserved 1048576K
}
Event: 3.162 GC heap before
{Heap before GC invocations=3 (full 0):
 garbage-first heap   total 194560K, used 98878K [0x0000000742600000, 0x0000000800000000)
  region size 1024K, 94 young (96256K), 7 survivors (7168K)
 Metaspace       used 20241K, capacity 21215K, committed 21296K, reserved 1067008K
  class space    used 2813K, capacity 3183K, committed 3200K, reserved 1048576K
}
Event: 3.174 GC heap after
{Heap after GC invocations=4 (full 0):
 garbage-first heap   total 194560K, used 13970K [0x0000000742600000, 0x0000000800000000)
  region size 1024K, 9 young (9216K), 9 survivors (9216K)
 Metaspace       used 20241K, capacity 21215K, committed 21296K, reserved 1067008K
  class space    used 2813K, capacity 3183K, committed 3200K, reserved 1048576K
}
Event: 4.572 GC heap before
{Heap before GC invocations=5 (full 0):
 garbage-first heap   total 194560K, used 120466K [0x0000000742600000, 0x0000000800000000)
  region size 1024K, 114 young (116736K), 9 survivors (9216K)
 Metaspace       used 27245K, capacity 28503K, committed 28592K, reserved 1073152K
  class space    used 3807K, capacity 4345K, committed 4352K, reserved 1048576K
}

