# JRE version: OpenJDK Runtime Environment (11.0.5+10) (build 11.0.5+10-b520.38)
# Java VM: OpenJDK 64-Bit Server VM (11.0.5+10-b520.38, mixed mode, sharing, tiered, compressed oops, g1 gc, windows-amd64)
Heap:
 garbage-first heap   total 233472K, used 28722K [0x0000000742600000, 0x0000000800000000)
  region size 1024K, 16 young (16384K), 16 survivors (16384K)
 Metaspace       used 42811K, capacity 44252K, committed 44336K, reserved 1103872K
  class space    used 5885K, capacity 6467K, committed 6528K, reserved 1048576K
GC Heap History (16 events):
Event: 1.021 GC heap before
{Heap before GC invocations=0 (full 0):
 garbage-first heap   total 194560K, used 24576K [0x0000000742600000, 0x0000000800000000)
  region size 1024K, 24 young (24576K), 0 survivors (0K)
 Metaspace       used 5984K, capacity 6284K, committed 6528K, reserved 1056768K
  class space    used 748K, capacity 873K, committed 896K, reserved 1048576K
}
Event: 1.029 GC heap after
{Heap after GC invocations=1 (full 0):
 garbage-first heap   total 194560K, used 8270K [0x0000000742600000, 0x0000000800000000)
  region size 1024K, 3 young (3072K), 3 survivors (3072K)
 Metaspace       used 5984K, capacity 6284K, committed 6528K, reserved 1056768K
  class space    used 748K, capacity 873K, committed 896K, reserved 1048576K
}
Event: 1.263 GC heap before
{Heap before GC invocations=1 (full 0):
 garbage-first heap   total 194560K, used 68686K [0x0000000742600000, 0x0000000800000000)
  region size 1024K, 63 young (64512K), 3 survivors (3072K)
 Metaspace       used 7650K, capacity 8084K, committed 8448K, reserved 1056768K
  class space    used 980K, capacity 1155K, committed 1280K, reserved 1048576K
}
Event: 1.268 GC heap after
{Heap after GC invocations=2 (full 0):
 garbage-first heap   total 194560K, used 9294K [0x0000000742600000, 0x0000000800000000)
  region size 1024K, 4 young (4096K), 4 survivors (4096K)
 Metaspace       used 7650K, capacity 8084K, committed 8448K, reserved 1056768K
  class space    used 980K, capacity 1155K, committed 1280K, reserved 1048576K
}
Event: 1.643 GC heap before
{Heap before GC invocations=2 (full 0):
 garbage-first heap   total 194560K, used 74830K [0x0000000742600000, 0x0000000800000000)
  region size 1024K, 69 young (70656K), 4 survivors (4096K)
 Metaspace       used 17291K, capacity 18090K, committed 18432K, reserved 1064960K
  class space    used 2378K, capacity 2700K, committed 2816K, reserved 1048576K
}
Event: 1.647 GC heap after
{Heap after GC invocations=3 (full 0):
 garbage-first heap   total 194560K, used 11419K [0x0000000742600000, 0x0000000800000000)
  region size 1024K, 7 young (7168K), 7 survivors (7168K)
 Metaspace       used 17291K, capacity 18090K, committed 18432K, reserved 1064960K
  class space    used 2378K, capacity 2700K, committed 2816K, reserved 1048576K
}
Event: 2.247 GC heap before
{Heap before GC invocations=3 (full 0):
 garbage-first heap   total 194560K, used 96411K [0x0000000742600000, 0x0000000800000000)
  region size 1024K, 91 young (93184K), 7 survivors (7168K)
 Metaspace       used 19646K, capacity 20572K, committed 20864K, reserved 1067008K
  class space    used 2717K, capacity 3074K, committed 3200K, reserved 1048576K
}
Event: 2.254 GC heap after
{Heap after GC invocations=4 (full 0):
 garbage-first heap   total 194560K, used 13714K [0x0000000742600000, 0x0000000800000000)
  region size 1024K, 9 young (9216K), 9 survivors (9216K)
 Metaspace       used 19646K, capacity 20572K, committed 20864K, reserved 1067008K
  class space    used 2717K, capacity 3074K, committed 3200K, reserved 1048576K
}
Event: 2.357 GC heap before
{Heap before GC invocations=4 (full 0):
 garbage-first heap   total 194560K, used 22930K [0x0000000742600000, 0x0000000800000000)
  region size 1024K, 19 young (19456K), 9 survivors (9216K)
 Metaspace       used 20249K, capacity 21225K, committed 21296K, reserved 1067008K
  class space    used 2804K, capacity 3184K, committed 3200K, reserved 1048576K
}
Event: 2.369 GC heap after
{Heap after GC invocations=5 (full 0):
 garbage-first heap   total 233472K, used 13933K [0x0000000742600000, 0x0000000800000000)
  region size 1024K, 6 young (6144K), 6 survivors (6144K)
 Metaspace       used 20249K, capacity 21225K, committed 21296K, reserved 1067008K
  class space    used 2804K, capacity 3184K, committed 3200K, reserved 1048576K
}
Event: 3.523 GC heap before
{Heap before GC invocations=6 (full 0):
 garbage-first heap   total 233472K, used 146029K [0x0000000742600000, 0x0000000800000000)
  region size 1024K, 136 young (139264K), 6 survivors (6144K)
 Metaspace       used 28596K, capacity 29835K, committed 30000K, reserved 1075200K
  class space    used 3934K, capacity 4445K, committed 4480K, reserved 1048576K
}
Event: 3.533 GC heap after
{Heap after GC invocations=7 (full 0):
 garbage-first heap   total 233472K, used 20879K [0x0000000742600000, 0x0000000800000000)
  region size 1024K, 13 young (13312K), 13 survivors (13312K)
 Metaspace       used 28596K, capacity 29835K, committed 30000K, reserved 1075200K
  class space    used 3934K, capacity 4445K, committed 4480K, reserved 1048576K
}
Event: 4.405 GC heap before
{Heap before GC invocations=7 (full 0):
 garbage-first heap   total 233472K, used 116111K [0x0000000742600000, 0x0000000800000000)
  region size 1024K, 107 young (109568K), 13 survivors (13312K)
 Metaspace       used 34403K, capacity 35717K, committed 35888K, reserved 1079296K
  class space    used 4858K, capacity 5381K, committed 5504K, reserved 1048576K
}
Event: 4.425 GC heap after
{Heap after GC invocations=8 (full 0):
 garbage-first heap   total 233472K, used 21996K [0x0000000742600000, 0x0000000800000000)
  region size 1024K, 9 young (9216K), 9 survivors (9216K)
 Metaspace       used 34403K, capacity 35717K, committed 35888K, reserved 1079296K
  class space    used 4858K, capacity 5381K, committed 5504K, reserved 1048576K
}
Event: 5.081 GC heap before
{Heap before GC invocations=9 (full 0):
 garbage-first heap   total 233472K, used 74220K [0x0000000742600000, 0x0000000800000000)
  region size 1024K, 61 young (62464K), 9 survivors (9216K)
 Metaspace       used 42811K, capacity 44252K, committed 44336K, reserved 1101824K
  class space    used 5885K, capacity 6467K, committed 6528K, reserved 1048576K
}
Event: 5.097 GC heap after
{Heap after GC invocations=10 (full 0):
 garbage-first heap   total 233472K, used 28722K [0x0000000742600000, 0x0000000800000000)
  region size 1024K, 16 young (16384K), 16 survivors (16384K)
 Metaspace       used 42811K, capacity 44252K, committed 44336K, reserved 1101824K
  class space    used 5885K, capacity 6467K, committed 6528K, reserved 1048576K
}

